<?xml version="1.0" encoding="UTF-8"?>
<!-- Generated by org.testng.reporters.JUnitXMLReporter -->
<testsuite ignored="0" hostname="USMUMANUMO11" failures="0" tests="2" name="Error Validations Test" time="43.08" errors="0" timestamp="2023-08-28T14:50:13 IST">
  <testcase classname="Academy.tests.ErrorValidationsTest" name="loginErrorValidation" time="0.891"/>
  <testcase classname="Academy.tests.ErrorValidationsTest" name="productErrorValidation" time="5.198"/>
</testsuite> <!-- Error Validations Test -->
