<?xml version="1.0" encoding="UTF-8"?>
<!-- Generated by org.testng.reporters.JUnitXMLReporter -->
<testsuite ignored="0" hostname="USMUMANUMO11" failures="0" tests="2" name="Error Validations Test" time="20.825" errors="0" timestamp="2023-08-13T13:18:55 IST">
  <testcase classname="Academy.tests.ErrorValidationsTest" name="loginErrorValidation" time="1.02"/>
  <testcase classname="Academy.tests.ErrorValidationsTest" name="productErrorValidation" time="3.668"/>
</testsuite> <!-- Error Validations Test -->
